::1 - - [24/Nov/2019:22:59:12 +0000] "GET / HTTP/1.1" 200 - "-" "Mozilla/5.0 (X11; Linux x86_64) AppleWebKit/537.36 (KHTML, like Gecko) Chrome/78.0.3904.87 Safari/537.36"
::1 - - [24/Nov/2019:22:59:13 +0000] "GET /favicon.ico HTTP/1.1" 404 - "http://localhost:3000/" "Mozilla/5.0 (X11; Linux x86_64) AppleWebKit/537.36 (KHTML, like Gecko) Chrome/78.0.3904.87 Safari/537.36"
::1 - - [24/Nov/2019:22:59:26 +0000] "POST /login HTTP/1.1" 422 - "http://localhost:3000/" "Mozilla/5.0 (X11; Linux x86_64) AppleWebKit/537.36 (KHTML, like Gecko) Chrome/78.0.3904.87 Safari/537.36"
::1 - - [24/Nov/2019:22:59:34 +0000] "POST /login HTTP/1.1" 302 56 "http://localhost:3000/login" "Mozilla/5.0 (X11; Linux x86_64) AppleWebKit/537.36 (KHTML, like Gecko) Chrome/78.0.3904.87 Safari/537.36"
::1 - - [24/Nov/2019:22:59:34 +0000] "GET /shome HTTP/1.1" 302 56 "http://localhost:3000/login" "Mozilla/5.0 (X11; Linux x86_64) AppleWebKit/537.36 (KHTML, like Gecko) Chrome/78.0.3904.87 Safari/537.36"
::1 - - [24/Nov/2019:22:59:34 +0000] "GET /thome HTTP/1.1" 200 - "http://localhost:3000/login" "Mozilla/5.0 (X11; Linux x86_64) AppleWebKit/537.36 (KHTML, like Gecko) Chrome/78.0.3904.87 Safari/537.36"
::1 - - [24/Nov/2019:22:59:42 +0000] "POST /upload HTTP/1.1" 302 56 "http://localhost:3000/thome" "Mozilla/5.0 (X11; Linux x86_64) AppleWebKit/537.36 (KHTML, like Gecko) Chrome/78.0.3904.87 Safari/537.36"
::1 - - [24/Nov/2019:22:59:42 +0000] "GET /thome HTTP/1.1" 200 - "http://localhost:3000/thome" "Mozilla/5.0 (X11; Linux x86_64) AppleWebKit/537.36 (KHTML, like Gecko) Chrome/78.0.3904.87 Safari/537.36"
::1 - - [24/Nov/2019:22:59:42 +0000] "GET /uploads/2019-11-24T22:59:41.798Z-black-hole.jpg HTTP/1.1" 200 32824 "http://localhost:3000/thome" "Mozilla/5.0 (X11; Linux x86_64) AppleWebKit/537.36 (KHTML, like Gecko) Chrome/78.0.3904.87 Safari/537.36"
::1 - - [24/Nov/2019:23:02:21 +0000] "GET /thome HTTP/1.1" 200 - "http://localhost:3000/thome" "Mozilla/5.0 (X11; Linux x86_64) AppleWebKit/537.36 (KHTML, like Gecko) Chrome/78.0.3904.87 Safari/537.36"
::1 - - [24/Nov/2019:23:02:21 +0000] "GET /uploads/2019-11-24T22:59:41.798Z-black-hole.jpg HTTP/1.1" 304 - "http://localhost:3000/thome" "Mozilla/5.0 (X11; Linux x86_64) AppleWebKit/537.36 (KHTML, like Gecko) Chrome/78.0.3904.87 Safari/537.36"
::1 - - [24/Nov/2019:23:02:28 +0000] "POST /upload HTTP/1.1" 302 56 "http://localhost:3000/thome" "Mozilla/5.0 (X11; Linux x86_64) AppleWebKit/537.36 (KHTML, like Gecko) Chrome/78.0.3904.87 Safari/537.36"
::1 - - [24/Nov/2019:23:02:28 +0000] "GET /thome HTTP/1.1" 200 - "http://localhost:3000/thome" "Mozilla/5.0 (X11; Linux x86_64) AppleWebKit/537.36 (KHTML, like Gecko) Chrome/78.0.3904.87 Safari/537.36"
::1 - - [24/Nov/2019:23:02:28 +0000] "GET /uploads/2019-11-24T23:02:27.905Z-black-hole.jpg HTTP/1.1" 200 32824 "http://localhost:3000/thome" "Mozilla/5.0 (X11; Linux x86_64) AppleWebKit/537.36 (KHTML, like Gecko) Chrome/78.0.3904.87 Safari/537.36"
::1 - - [24/Nov/2019:23:02:29 +0000] "GET /uploads/2019-11-24T22:59:41.798Z-black-hole.jpg HTTP/1.1" 304 - "http://localhost:3000/thome" "Mozilla/5.0 (X11; Linux x86_64) AppleWebKit/537.36 (KHTML, like Gecko) Chrome/78.0.3904.87 Safari/537.36"
::1 - - [24/Nov/2019:23:07:14 +0000] "GET /tchat HTTP/1.1" 200 - "http://localhost:3000/thome" "Mozilla/5.0 (X11; Linux x86_64) AppleWebKit/537.36 (KHTML, like Gecko) Chrome/78.0.3904.87 Safari/537.36"
::1 - - [24/Nov/2019:23:07:17 +0000] "GET /room/5ddb0338588b98001715eb71 HTTP/1.1" 200 - "http://localhost:3000/tchat" "Mozilla/5.0 (X11; Linux x86_64) AppleWebKit/537.36 (KHTML, like Gecko) Chrome/78.0.3904.87 Safari/537.36"
::1 - - [24/Nov/2019:23:08:34 +0000] "GET /room/5ddb0338588b98001715eb71 HTTP/1.1" 304 - "http://localhost:3000/tchat" "Mozilla/5.0 (X11; Linux x86_64) AppleWebKit/537.36 (KHTML, like Gecko) Chrome/78.0.3904.87 Safari/537.36"
::1 - - [24/Nov/2019:23:08:57 +0000] "GET /thome HTTP/1.1" 200 - "http://localhost:3000/room/5ddb0338588b98001715eb71" "Mozilla/5.0 (X11; Linux x86_64) AppleWebKit/537.36 (KHTML, like Gecko) Chrome/78.0.3904.87 Safari/537.36"
::1 - - [24/Nov/2019:23:08:57 +0000] "GET /uploads/2019-11-24T23:02:27.905Z-black-hole.jpg HTTP/1.1" 304 - "http://localhost:3000/thome" "Mozilla/5.0 (X11; Linux x86_64) AppleWebKit/537.36 (KHTML, like Gecko) Chrome/78.0.3904.87 Safari/537.36"
::1 - - [24/Nov/2019:23:08:57 +0000] "GET /uploads/2019-11-24T22:59:41.798Z-black-hole.jpg HTTP/1.1" 304 - "http://localhost:3000/thome" "Mozilla/5.0 (X11; Linux x86_64) AppleWebKit/537.36 (KHTML, like Gecko) Chrome/78.0.3904.87 Safari/537.36"
